<?xml version="1.0" encoding="UTF-8"?>
<testsuite name="RectangleTest" tests="4" skipped="0" failures="0" errors="0" timestamp="2021-11-12T05:41:04" hostname="Manishas-MacBook-Pro.local" time="0.05">
  <properties/>
  <testcase name="areaWhenInputsAreIntegers()" classname="RectangleTest" time="0.039"/>
  <testcase name="areaWhenInputsAreIntegerAndDouble()" classname="RectangleTest" time="0.003"/>
  <testcase name="areaWhenInputsAreDoubles()" classname="RectangleTest" time="0.001"/>
  <testcase name="areaWhenInputsAreDoubleAndInteger()" classname="RectangleTest" time="0.001"/>
  <system-out><![CDATA[]]></system-out>
  <system-err><![CDATA[]]></system-err>
</testsuite>
